#
# A fatal error has been detected by the Java Runtime Environment:
#
#  SIGILL (0x4) at pc=0x000000012b17d26e, pid=21891, tid=0x0000000000002703
#
# JRE version: Java(TM) SE Runtime Environment (8.0_181-b13) (build 1.8.0_181-b13)
# Java VM: Java HotSpot(TM) 64-Bit Server VM (25.181-b13 mixed mode bsd-amd64 compressed oops)
# Problematic frame:
# C  [libtesseract.dylib+0x15726e]  _ZNK7ERRCODE5errorEPKc16TessErrorLogCodeS1_z+0x178
#
# Failed to write core dump. Core dumps have been disabled. To enable core dumping, try "ulimit -c unlimited" before starting Java again
#
# If you would like to submit a bug report, please visit:
#   http://bugreport.java.com/bugreport/crash.jsp
# The crash happened outside the Java Virtual Machine in native code.
# See problematic frame for where to report the bug.
#

---------------  T H R E A D  ---------------

Current thread (0x00007fd499000000):  JavaThread "main" [_thread_in_native, id=9987, stack(0x000070000a2cb000,0x000070000a3cb000)]

siginfo: si_signo: 4 (SIGILL), si_code: 1 (ILL_ILLOPC), si_addr: 0x000000012b17d26e

Registers:
RAX=0x0000000000000003, RBX=0x000070000a3c9538, RCX=0x000070000a3cb0ac, RDX=0x0000000000000000
RSP=0x000070000a3c9460, RBP=0x000070000a3c9960, RSI=0x00000000000120a8, RDI=0x00007fffaac25028
R8 =0x00000000000130a8, R9 =0x00007fffaac25048, R10=0x0000000000000000, R11=0x00007fffaac25040
R12=0x000000012b2054d0, R13=0x000070000a3c9525, R14=0x0000000000000001, R15=0x000000012b1d9fd8
RIP=0x000000012b17d26e, EFLAGS=0x0000000000010246, ERR=0x0000000000000000
  TRAPNO=0x0000000000000006

Top of Stack: (sp=0x000070000a3c9460)
0x000070000a3c9460:   0000000116836380 000000012b46e2d5
0x000070000a3c9470:   000000012b46ca60 000000012b46e428
0x000070000a3c9480:   000000012b1d9fec 00000000000000d1
0x000070000a3c9490:   000000030000187e 0000000000000b68
0x000070000a3c94a0:   010100076b057f10 000000012b201008
0x000070000a3c94b0:   000070000a3c9a80 000070000a3c9a80
0x000070000a3c94c0:   0000000000001870 a8a3dbcc1a9400d4
0x000070000a3c94d0:   000070000a3c94f0 00000001167c2b76
0x000070000a3c94e0:   00007fd497ab3640 0000000000000000
0x000070000a3c94f0:   000070000a3c9950 00007fff77c1432e
0x000070000a3c9500:   000000000000037f 0000000000000000
0x000070000a3c9510:   28706d6372747321 202c656c61636f6c
0x000070000a3c9520:   7272453a29224322 72657373413a726f
0x000070000a3c9530:   64656c6961662074 656c6966206e693a
0x000070000a3c9540:   6970616573616220 696c202c7070632e
0x000070000a3c9550:   000a39303220656e 0000000000000000
0x000070000a3c9560:   87bc000000000000 000000000000c00b
0x000070000a3c9570:   0000000000000000 0000000000000000
0x000070000a3c9580:   8000000000000000 0000000000004007
0x000070000a3c9590:   c060000000000000 000000000000400a
0x000070000a3c95a0:   ffffffffffffff00 ffffffffffffffff
0x000070000a3c95b0:   0000000000000000 0000000000000000
0x000070000a3c95c0:   0000000000000000 0000000000000000
0x000070000a3c95d0:   00007fd499000000 00ffffffffffffff
0x000070000a3c95e0:   0000000000000000 0000000000000000
0x000070000a3c95f0:   7972617262694c2f 0000000000000000
0x000070000a3c9600:   0000000000000000 0000000000000000
0x000070000a3c9610:   cafebabecafebabe 0000000000000000
0x000070000a3c9620:   cafebabecafebabe 0000000000000000
0x000070000a3c9630:   0000000000000000 0000000000000000
0x000070000a3c9640:   0000000000000000 0000000000000000
0x000070000a3c9650:   0000000000000000 0000000000000000 

Instructions: (pc=0x000000012b17d26e)
0x000000012b17d24e:   48 8b 00 48 3b 45 d0 75 12 48 81 c4 d8 04 00 00
0x000000012b17d25e:   5b 41 5c 41 5d 41 5e 41 5f 5d c3 e8 22 e2 00 00
0x000000012b17d26e:   0f 0b 55 48 89 e5 b0 01 84 07 74 06 48 8b 7f 10
0x000000012b17d27e:   eb 03 48 ff c7 84 06 74 06 48 8b 76 10 eb 03 48 

Register to memory mapping:

RAX=0x0000000000000003 is an unknown value
RBX=0x000070000a3c9538 is pointing into the stack for thread: 0x00007fd499000000
RCX=0x000070000a3cb0ac is an unknown value
RDX=0x0000000000000000 is an unknown value
RSP=0x000070000a3c9460 is pointing into the stack for thread: 0x00007fd499000000
RBP=0x000070000a3c9960 is pointing into the stack for thread: 0x00007fd499000000
RSI=0x00000000000120a8 is an unknown value
RDI=0x00007fffaac25028: __sFX+0x1a8 in /usr/lib/system/libsystem_c.dylib at 0x00007fff77c72000
R8 =0x00000000000130a8 is an unknown value
R9 =0x00007fffaac25048: __sFX+0x1c8 in /usr/lib/system/libsystem_c.dylib at 0x00007fff77c72000
R10=0x0000000000000000 is an unknown value
R11=0x00007fffaac25040: __sFX+0x1c0 in /usr/lib/system/libsystem_c.dylib at 0x00007fff77c72000
R12=0x000000012b2054d0: _ZL13ASSERT_FAILED+0 in /usr/local/lib/libtesseract.dylib at 0x000000012b026000
R13=0x000070000a3c9525 is pointing into the stack for thread: 0x00007fd499000000
R14=0x0000000000000001 is an unknown value
R15=0x000000012b1d9fd8: _ZN9tesseract26ksizeofUniversalAmbigsFileE+0xd4 in /usr/local/lib/libtesseract.dylib at 0x000000012b026000


Stack: [0x000070000a2cb000,0x000070000a3cb000],  sp=0x000070000a3c9460,  free space=1017k
Native frames: (J=compiled Java code, j=interpreted, Vv=VM code, C=native code)
C  [libtesseract.dylib+0x15726e]  _ZNK7ERRCODE5errorEPKc16TessErrorLogCodeS1_z+0x178
C  [libtesseract.dylib+0x1f91]  _ZN9tesseract11TessBaseAPIC2Ev+0x97
C  [libtesseract.dylib+0xb777]  TessBaseAPICreate+0x1c
C  [jna2791508367074209786.tmp+0xdf44]  ffi_call_unix64+0x4c
C  0x000070000a3ca358

Java frames: (J=compiled Java code, j=interpreted, Vv=VM code)
j  com.sun.jna.Native.invokePointer(Lcom/sun/jna/Function;JI[Ljava/lang/Object;)J+0
j  com.sun.jna.Function.invokePointer(I[Ljava/lang/Object;)Lcom/sun/jna/Pointer;+7
j  com.sun.jna.Function.invoke([Ljava/lang/Object;Ljava/lang/Class;ZI)Ljava/lang/Object;+385
j  com.sun.jna.Function.invoke(Ljava/lang/reflect/Method;[Ljava/lang/Class;Ljava/lang/Class;[Ljava/lang/Object;Ljava/util/Map;)Ljava/lang/Object;+271
j  com.sun.jna.Library$Handler.invoke(Ljava/lang/Object;Ljava/lang/reflect/Method;[Ljava/lang/Object;)Ljava/lang/Object;+344
j  com.sun.proxy.$Proxy0.TessBaseAPICreate()Lnet/sourceforge/tess4j/ITessAPI$TessBaseAPI;+9
j  net.sourceforge.tess4j.Tesseract.init()V+12
j  net.sourceforge.tess4j.Tesseract.doOCR(Ljava/io/File;Ljava/awt/Rectangle;)Ljava/lang/String;+84
j  net.sourceforge.tess4j.Tesseract.doOCR(Ljava/io/File;)Ljava/lang/String;+3
j  TesseractExample.main([Ljava/lang/String;)V+22
v  ~StubRoutines::call_stub

---------------  P R O C E S S  ---------------

Java Threads: ( => current thread )
  0x00007fd4960e8800 JavaThread "Java2D Disposer" daemon [_thread_blocked, id=79631, stack(0x000070000be28000,0x000070000bf28000)]
  0x00007fd496993800 JavaThread "AWT-Shutdown" [_thread_blocked, id=36395, stack(0x000070000b90d000,0x000070000ba0d000)]
  0x00007fd496987000 JavaThread "AWT-AppKit" daemon [_thread_in_native, id=775, stack(0x00007ffee61e6000,0x00007ffee69e6000)]
  0x00007fd499019000 JavaThread "Service Thread" daemon [_thread_blocked, id=43267, stack(0x000070000b707000,0x000070000b807000)]
  0x00007fd49a03c800 JavaThread "C1 CompilerThread3" daemon [_thread_blocked, id=21763, stack(0x000070000b604000,0x000070000b704000)]
  0x00007fd49a03b800 JavaThread "C2 CompilerThread2" daemon [_thread_blocked, id=16131, stack(0x000070000b501000,0x000070000b601000)]
  0x00007fd49a03b000 JavaThread "C2 CompilerThread1" daemon [_thread_blocked, id=16387, stack(0x000070000b3fe000,0x000070000b4fe000)]
  0x00007fd49a03a000 JavaThread "C2 CompilerThread0" daemon [_thread_blocked, id=15363, stack(0x000070000b2fb000,0x000070000b3fb000)]
  0x00007fd49900b000 JavaThread "JDWP Command Reader" daemon [_thread_in_native, id=17155, stack(0x000070000b1f8000,0x000070000b2f8000)]
  0x00007fd496019800 JavaThread "JDWP Event Helper Thread" daemon [_thread_blocked, id=15107, stack(0x000070000b0f5000,0x000070000b1f5000)]
  0x00007fd498851800 JavaThread "JDWP Transport Listener: dt_socket" daemon [_thread_blocked, id=17927, stack(0x000070000aff2000,0x000070000b0f2000)]
  0x00007fd496013000 JavaThread "Signal Dispatcher" daemon [_thread_blocked, id=18435, stack(0x000070000aeef000,0x000070000afef000)]
  0x00007fd496802000 JavaThread "Finalizer" daemon [_thread_blocked, id=19715, stack(0x000070000adec000,0x000070000aeec000)]
  0x00007fd496012800 JavaThread "Reference Handler" daemon [_thread_blocked, id=19971, stack(0x000070000ace9000,0x000070000ade9000)]
=>0x00007fd499000000 JavaThread "main" [_thread_in_native, id=9987, stack(0x000070000a2cb000,0x000070000a3cb000)]

Other Threads:
  0x00007fd49600e000 VMThread [stack: 0x000070000abe6000,0x000070000ace6000] [id=12547]
  0x00007fd497042000 WatcherThread [stack: 0x000070000b80a000,0x000070000b90a000] [id=22275]

VM state:not at safepoint (normal execution)

VM Mutex/Monitor currently owned by a thread: None

Heap:
 PSYoungGen      total 76288K, used 25009K [0x000000076ab00000, 0x0000000770000000, 0x00000007c0000000)
  eden space 65536K, 38% used [0x000000076ab00000,0x000000076c36c4a0,0x000000076eb00000)
  from space 10752K, 0% used [0x000000076f580000,0x000000076f580000,0x0000000770000000)
  to   space 10752K, 0% used [0x000000076eb00000,0x000000076eb00000,0x000000076f580000)
 ParOldGen       total 175104K, used 0K [0x00000006c0000000, 0x00000006cab00000, 0x000000076ab00000)
  object space 175104K, 0% used [0x00000006c0000000,0x00000006c0000000,0x00000006cab00000)
 Metaspace       used 8136K, capacity 8360K, committed 8448K, reserved 1056768K
  class space    used 886K, capacity 958K, committed 1024K, reserved 1048576K

Card table byte_map: [0x000000010b774000,0x000000010bf75000] byte_map_base: 0x0000000108174000

Marking Bits: (ParMarkBitMap*) 0x000000010acf9cd0
 Begin Bits: [0x000000010c4cb000, 0x00000001104cb000)
 End Bits:   [0x00000001104cb000, 0x00000001144cb000)

Polling page: 0x0000000109297000

CodeCache: size=245760Kb used=2668Kb max_used=2681Kb free=243092Kb
 bounds [0x0000000116889000, 0x0000000116b39000, 0x0000000125889000]
 total_blobs=914 nmethods=596 adapters=240
 compilation: enabled

Compilation events (10 events):
Event: 0.701 Thread 0x00007fd49a03c800  592       3       java.util.zip.ZipEntry::getSize (5 bytes)
Event: 0.701 Thread 0x00007fd49a03c800 nmethod 592 0x0000000116b1cf90 code [0x0000000116b1d0e0, 0x0000000116b1d230]
Event: 0.701 Thread 0x00007fd49a03c800  593       3       java.util.zip.InflaterInputStream::close (34 bytes)
Event: 0.701 Thread 0x00007fd49a03c800 nmethod 593 0x0000000116b1d290 code [0x0000000116b1d420, 0x0000000116b1d718]
Event: 0.701 Thread 0x00007fd49a03c800  594       3       java.util.zip.ZipFile::access$100 (6 bytes)
Event: 0.702 Thread 0x00007fd49a03c800 nmethod 594 0x0000000116b1d810 code [0x0000000116b1d980, 0x0000000116b1db08]
Event: 0.702 Thread 0x00007fd49a03c800  595       3       java.io.File::<init> (113 bytes)
Event: 0.703 Thread 0x00007fd49a03b000 nmethod 574 0x0000000116b21810 code [0x0000000116b21a60, 0x0000000116b22a10]
Event: 0.703 Thread 0x00007fd49a03c800 nmethod 595 0x0000000116b20590 code [0x0000000116b207e0, 0x0000000116b212b8]
Event: 0.703 Thread 0x00007fd49a03a000  596       4       java.util.zip.ZipCoder::getBytes (192 bytes)

GC Heap History (0 events):
No events

Deoptimization events (1 events):
Event: 0.657 Thread 0x00007fd499000000 Uncommon trap: reason=unstable_if action=reinterpret pc=0x0000000116ae477c method=java.lang.String.lastIndexOf([CII[CIII)I @ 118

Classes redefined (0 events):
No events

Internal exceptions (10 events):
Event: 0.214 Thread 0x00007fd499000000 Exception <a 'java/security/PrivilegedActionException'> (0x000000076b1827e8) thrown at [/Users/java_re/workspace/8-2-build-macosx-x86_64/jdk8u181/11358/hotspot/src/share/vm/prims/jvm.cpp, line 1435]
Event: 0.214 Thread 0x00007fd499000000 Exception <a 'java/security/PrivilegedActionException'> (0x000000076b185b18) thrown at [/Users/java_re/workspace/8-2-build-macosx-x86_64/jdk8u181/11358/hotspot/src/share/vm/prims/jvm.cpp, line 1435]
Event: 0.214 Thread 0x00007fd499000000 Exception <a 'java/security/PrivilegedActionException'> (0x000000076b185d28) thrown at [/Users/java_re/workspace/8-2-build-macosx-x86_64/jdk8u181/11358/hotspot/src/share/vm/prims/jvm.cpp, line 1435]
Event: 0.251 Thread 0x00007fd499000000 Exception <a 'java/io/FileNotFoundException'> (0x000000076b3921a8) thrown at [/Users/java_re/workspace/8-2-build-macosx-x86_64/jdk8u181/11358/hotspot/src/share/vm/prims/jni.cpp, line 709]
Event: 0.367 Thread 0x00007fd499000000 Exception <a 'java/lang/NoSuchFieldError': method resolution failed> (0x000000076b8a9fb0) thrown at [/Users/java_re/workspace/8-2-build-macosx-x86_64/jdk8u181/11358/hotspot/src/share/vm/prims/methodHandles.cpp, line 1167]
Event: 0.369 Thread 0x00007fd499000000 Exception <a 'java/lang/NoSuchFieldError': method resolution failed> (0x000000076b8b87e0) thrown at [/Users/java_re/workspace/8-2-build-macosx-x86_64/jdk8u181/11358/hotspot/src/share/vm/prims/methodHandles.cpp, line 1167]
Event: 0.548 Thread 0x00007fd499000000 Exception <a 'java/io/FileNotFoundException'> (0x000000076b969c70) thrown at [/Users/java_re/workspace/8-2-build-macosx-x86_64/jdk8u181/11358/hotspot/src/share/vm/prims/jni.cpp, line 709]
Event: 0.548 Thread 0x00007fd499000000 Exception <a 'java/io/FileNotFoundException'> (0x000000076b96a7a8) thrown at [/Users/java_re/workspace/8-2-build-macosx-x86_64/jdk8u181/11358/hotspot/src/share/vm/prims/jni.cpp, line 709]
Event: 0.616 Thread 0x00007fd499000000 Exception <a 'java/io/FileNotFoundException'> (0x000000076beab4c0) thrown at [/Users/java_re/workspace/8-2-build-macosx-x86_64/jdk8u181/11358/hotspot/src/share/vm/prims/jni.cpp, line 709]
Event: 0.616 Thread 0x00007fd499000000 Exception <a 'java/io/FileNotFoundException'> (0x000000076beaca58) thrown at [/Users/java_re/workspace/8-2-build-macosx-x86_64/jdk8u181/11358/hotspot/src/share/vm/prims/jni.cpp, line 709]

Events (10 events):
Event: 0.705 Thread 0x00007fd499000000 DEOPT PACKING pc=0x00000001169ecd34 sp=0x000070000a3c9120
Event: 0.705 Thread 0x00007fd499000000 DEOPT UNPACKING pc=0x00000001168d0784 sp=0x000070000a3c8f60 mode 1
Event: 0.705 loading class com/sun/jna/TypeConverter
Event: 0.705 loading class com/sun/jna/TypeConverter done
Event: 0.705 Thread 0x00007fd499000000 DEOPT PACKING pc=0x0000000116af4871 sp=0x000070000a3c6bb0
Event: 0.705 Thread 0x00007fd499000000 DEOPT UNPACKING pc=0x00000001168d0784 sp=0x000070000a3c6920 mode 1
Event: 0.705 Thread 0x00007fd499000000 DEOPT PACKING pc=0x00000001169ecf94 sp=0x000070000a3c6c30
Event: 0.705 Thread 0x00007fd499000000 DEOPT UNPACKING pc=0x00000001168d0784 sp=0x000070000a3c6a70 mode 1
Event: 0.705 Thread 0x00007fd499000000 DEOPT PACKING pc=0x00000001169ecd34 sp=0x000070000a3c6dc0
Event: 0.705 Thread 0x00007fd499000000 DEOPT UNPACKING pc=0x00000001168d0784 sp=0x000070000a3c6c00 mode 1


Dynamic libraries:
0x00007fff4af92000 	/System/Library/Frameworks/Cocoa.framework/Versions/A/Cocoa
0x00007fff56c74000 	/System/Library/Frameworks/Security.framework/Versions/A/Security
0x00007fff49c27000 	/System/Library/Frameworks/ApplicationServices.framework/Versions/A/ApplicationServices
0x00007fff772bc000 	/usr/lib/libz.1.dylib
0x00007fff749ec000 	/usr/lib/libSystem.B.dylib
0x00007fff763e6000 	/usr/lib/libobjc.A.dylib
0x00007fff4b77a000 	/System/Library/Frameworks/CoreFoundation.framework/Versions/A/CoreFoundation
0x00007fff4d9ee000 	/System/Library/Frameworks/Foundation.framework/Versions/C/Foundation
0x00007fff48e20000 	/System/Library/Frameworks/AppKit.framework/Versions/C/AppKit
0x00007fff4b30d000 	/System/Library/Frameworks/CoreData.framework/Versions/A/CoreData
0x00007fff6e53b000 	/System/Library/PrivateFrameworks/RemoteViewServices.framework/Versions/A/RemoteViewServices
0x00007fff7272f000 	/System/Library/PrivateFrameworks/UIFoundation.framework/Versions/A/UIFoundation
0x00007fff73e11000 	/System/Library/PrivateFrameworks/XCTTargetBootstrap.framework/Versions/A/XCTTargetBootstrap
0x00007fff69378000 	/System/Library/PrivateFrameworks/IconServices.framework/Versions/A/IconServices
0x00007fff50307000 	/System/Library/Frameworks/Metal.framework/Versions/A/Metal
0x00007fff60903000 	/System/Library/PrivateFrameworks/DesktopServicesPriv.framework/Versions/A/DesktopServicesPriv
0x00007fff7574c000 	/usr/lib/libenergytrace.dylib
0x00007fff70c1e000 	/System/Library/PrivateFrameworks/SkyLight.framework/Versions/A/SkyLight
0x00007fff4bbbf000 	/System/Library/Frameworks/CoreGraphics.framework/Versions/A/CoreGraphics
0x00007fff47bec000 	/System/Library/Frameworks/Accelerate.framework/Versions/A/Accelerate
0x00007fff4e134000 	/System/Library/Frameworks/IOSurface.framework/Versions/A/IOSurface
0x00007fff6076f000 	/System/Library/PrivateFrameworks/DFRFoundation.framework/Versions/A/DFRFoundation
0x00007fff4a10a000 	/System/Library/Frameworks/AudioToolbox.framework/Versions/A/AudioToolbox
0x00007fff4a383000 	/System/Library/Frameworks/AudioUnit.framework/Versions/A/AudioUnit
0x00007fff60804000 	/System/Library/PrivateFrameworks/DataDetectorsCore.framework/Versions/A/DataDetectorsCore
0x00007fff4aa96000 	/System/Library/Frameworks/Carbon.framework/Versions/A/Frameworks/HIToolbox.framework/Versions/A/HIToolbox
0x00007fff758a5000 	/usr/lib/libicucore.A.dylib
0x00007fff561eb000 	/System/Library/Frameworks/QuartzCore.framework/Versions/A/QuartzCore
0x00007fff4ae6a000 	/System/Library/Frameworks/Carbon.framework/Versions/A/Frameworks/SpeechRecognition.framework/Versions/A/SpeechRecognition
0x00007fff74b40000 	/usr/lib/libauto.dylib
0x00007fff771b0000 	/usr/lib/libxml2.2.dylib
0x00007fff6034f000 	/System/Library/PrivateFrameworks/CoreUI.framework/Versions/A/CoreUI
0x00007fff4b1f8000 	/System/Library/Frameworks/CoreAudio.framework/Versions/A/CoreAudio
0x00007fff4d82a000 	/System/Library/Frameworks/DiskArbitration.framework/Versions/A/DiskArbitration
0x00007fff75b52000 	/usr/lib/liblangid.dylib
0x00007fff6a777000 	/System/Library/PrivateFrameworks/MultitouchSupport.framework/Versions/A/MultitouchSupport
0x00007fff4e0a3000 	/System/Library/Frameworks/IOKit.framework/Versions/A/IOKit
0x00007fff745ad000 	/usr/lib/libDiagnosticMessagesClient.dylib
0x00007fff4c9cb000 	/System/Library/Frameworks/CoreServices.framework/Versions/A/CoreServices
0x00007fff6c34d000 	/System/Library/PrivateFrameworks/PerformanceAnalysis.framework/Versions/A/PerformanceAnalysis
0x00007fff553db000 	/System/Library/Frameworks/OpenGL.framework/Versions/A/OpenGL
0x00007fff4afa0000 	/System/Library/Frameworks/ColorSync.framework/Versions/A/ColorSync
0x00007fff4c250000 	/System/Library/Frameworks/CoreImage.framework/Versions/A/CoreImage
0x00007fff4d3a4000 	/System/Library/Frameworks/CoreText.framework/Versions/A/CoreText
0x00007fff4e197000 	/System/Library/Frameworks/ImageIO.framework/Versions/A/ImageIO
0x00007fff5c9ad000 	/System/Library/PrivateFrameworks/Backup.framework/Versions/A/Backup
0x00007fff74a93000 	/usr/lib/libarchive.2.dylib
0x00007fff4a6db000 	/System/Library/Frameworks/CFNetwork.framework/Versions/A/CFNetwork
0x00007fff573cd000 	/System/Library/Frameworks/SystemConfiguration.framework/Versions/A/SystemConfiguration
0x00007fff744de000 	/usr/lib/libCRFSuite.dylib
0x00007fff74c2f000 	/usr/lib/libc++.1.dylib
0x00007fff74c83000 	/usr/lib/libc++abi.dylib
0x00007fff77aab000 	/usr/lib/system/libcache.dylib
0x00007fff77ab0000 	/usr/lib/system/libcommonCrypto.dylib
0x00007fff77abb000 	/usr/lib/system/libcompiler_rt.dylib
0x00007fff77ac3000 	/usr/lib/system/libcopyfile.dylib
0x00007fff77acd000 	/usr/lib/system/libcorecrypto.dylib
0x00007fff77bd8000 	/usr/lib/system/libdispatch.dylib
0x00007fff77c12000 	/usr/lib/system/libdyld.dylib
0x00007fff77c3f000 	/usr/lib/system/libkeymgr.dylib
0x00007fff77c4d000 	/usr/lib/system/liblaunch.dylib
0x00007fff77c4e000 	/usr/lib/system/libmacho.dylib
0x00007fff77c54000 	/usr/lib/system/libquarantine.dylib
0x00007fff77c57000 	/usr/lib/system/libremovefile.dylib
0x00007fff77c59000 	/usr/lib/system/libsystem_asl.dylib
0x00007fff77c71000 	/usr/lib/system/libsystem_blocks.dylib
0x00007fff77c72000 	/usr/lib/system/libsystem_c.dylib
0x00007fff77cfa000 	/usr/lib/system/libsystem_configuration.dylib
0x00007fff77cfe000 	/usr/lib/system/libsystem_coreservices.dylib
0x00007fff77d02000 	/usr/lib/system/libsystem_darwin.dylib
0x00007fff77d09000 	/usr/lib/system/libsystem_dnssd.dylib
0x00007fff77d10000 	/usr/lib/system/libsystem_info.dylib
0x00007fff77d85000 	/usr/lib/system/libsystem_m.dylib
0x00007fff77dd1000 	/usr/lib/system/libsystem_malloc.dylib
0x00007fff77df6000 	/usr/lib/system/libsystem_networkextension.dylib
0x00007fff77e01000 	/usr/lib/system/libsystem_notify.dylib
0x00007fff77e1e000 	/usr/lib/system/libsystem_sandbox.dylib
0x00007fff77e22000 	/usr/lib/system/libsystem_secinit.dylib
0x00007fff77d5c000 	/usr/lib/system/libsystem_kernel.dylib
0x00007fff77e09000 	/usr/lib/system/libsystem_platform.dylib
0x00007fff77e13000 	/usr/lib/system/libsystem_pthread.dylib
0x00007fff77e25000 	/usr/lib/system/libsystem_symptoms.dylib
0x00007fff77e2d000 	/usr/lib/system/libsystem_trace.dylib
0x00007fff77e44000 	/usr/lib/system/libunwind.dylib
0x00007fff77e4a000 	/usr/lib/system/libxpc.dylib
0x00007fff74c10000 	/usr/lib/libbsm.0.dylib
0x00007fff77c40000 	/usr/lib/system/libkxld.dylib
0x00007fff5bbf3000 	/System/Library/PrivateFrameworks/AppleFSCompression.framework/Versions/A/AppleFSCompression
0x00007fff748ac000 	/usr/lib/libOpenScriptingUtil.dylib
0x00007fff74f38000 	/usr/lib/libcoretls.dylib
0x00007fff74f4f000 	/usr/lib/libcoretls_cfhelpers.dylib
0x00007fff76b7d000 	/usr/lib/libpam.2.dylib
0x00007fff76d3d000 	/usr/lib/libsqlite3.dylib
0x00007fff7719e000 	/usr/lib/libxar.1.dylib
0x00007fff74c21000 	/usr/lib/libbz2.1.0.dylib
0x00007fff75b54000 	/usr/lib/liblzma.5.dylib
0x00007fff76005000 	/usr/lib/libnetwork.dylib
0x00007fff74a7c000 	/usr/lib/libapple_nghttp2.dylib
0x00007fff76b84000 	/usr/lib/libpcap.A.dylib
0x00007fff4cd6a000 	/System/Library/Frameworks/CoreServices.framework/Versions/A/Frameworks/FSEvents.framework/Versions/A/FSEvents
0x00007fff4ca49000 	/System/Library/Frameworks/CoreServices.framework/Versions/A/Frameworks/CarbonCore.framework/Versions/A/CarbonCore
0x00007fff4cf26000 	/System/Library/Frameworks/CoreServices.framework/Versions/A/Frameworks/Metadata.framework/Versions/A/Metadata
0x00007fff4cfc5000 	/System/Library/Frameworks/CoreServices.framework/Versions/A/Frameworks/OSServices.framework/Versions/A/OSServices
0x00007fff4d010000 	/System/Library/Frameworks/CoreServices.framework/Versions/A/Frameworks/SearchKit.framework/Versions/A/SearchKit
0x00007fff4c9cc000 	/System/Library/Frameworks/CoreServices.framework/Versions/A/Frameworks/AE.framework/Versions/A/AE
0x00007fff4cd73000 	/System/Library/Frameworks/CoreServices.framework/Versions/A/Frameworks/LaunchServices.framework/Versions/A/LaunchServices
0x00007fff4cd21000 	/System/Library/Frameworks/CoreServices.framework/Versions/A/Frameworks/DictionaryServices.framework/Versions/A/DictionaryServices
0x00007fff4d078000 	/System/Library/Frameworks/CoreServices.framework/Versions/A/Frameworks/SharedFileList.framework/Versions/A/SharedFileList
0x00007fff513b6000 	/System/Library/Frameworks/NetFS.framework/Versions/A/NetFS
0x00007fff6a9dd000 	/System/Library/PrivateFrameworks/NetAuth.framework/Versions/A/NetAuth
0x00007fff74215000 	/System/Library/PrivateFrameworks/login.framework/Versions/A/Frameworks/loginsupport.framework/Versions/A/loginsupport
0x00007fff72338000 	/System/Library/PrivateFrameworks/TCC.framework/Versions/A/TCC
0x00007fff5f9ae000 	/System/Library/PrivateFrameworks/CoreNLP.framework/Versions/A/CoreNLP
0x00007fff6a477000 	/System/Library/PrivateFrameworks/MetadataUtilities.framework/Versions/A/MetadataUtilities
0x00007fff75c29000 	/usr/lib/libmecabra.dylib
0x00007fff49c28000 	/System/Library/Frameworks/ApplicationServices.framework/Versions/A/Frameworks/ATS.framework/Versions/A/ATS
0x00007fff49f77000 	/System/Library/Frameworks/ApplicationServices.framework/Versions/A/Frameworks/ColorSyncLegacy.framework/Versions/A/ColorSyncLegacy
0x00007fff4a016000 	/System/Library/Frameworks/ApplicationServices.framework/Versions/A/Frameworks/HIServices.framework/Versions/A/HIServices
0x00007fff4a069000 	/System/Library/Frameworks/ApplicationServices.framework/Versions/A/Frameworks/LangAnalysis.framework/Versions/A/LangAnalysis
0x00007fff4a079000 	/System/Library/Frameworks/ApplicationServices.framework/Versions/A/Frameworks/PrintCore.framework/Versions/A/PrintCore
0x00007fff4a0c3000 	/System/Library/Frameworks/ApplicationServices.framework/Versions/A/Frameworks/QD.framework/Versions/A/QD
0x00007fff4a0fd000 	/System/Library/Frameworks/ApplicationServices.framework/Versions/A/Frameworks/SpeechSynthesis.framework/Versions/A/SpeechSynthesis
0x00007fff74cab000 	/usr/lib/libcompression.dylib
0x00007fff4b692000 	/System/Library/Frameworks/CoreDisplay.framework/Versions/A/CoreDisplay
0x00007fff505be000 	/System/Library/Frameworks/MetalPerformanceShaders.framework/Versions/A/MetalPerformanceShaders
0x00007fff47c04000 	/System/Library/Frameworks/Accelerate.framework/Versions/A/Frameworks/vImage.framework/Versions/A/vImage
0x00007fff48c7e000 	/System/Library/Frameworks/Accelerate.framework/Versions/A/Frameworks/vecLib.framework/Versions/A/vecLib
0x00007fff48bca000 	/System/Library/Frameworks/Accelerate.framework/Versions/A/Frameworks/vecLib.framework/Versions/A/libvMisc.dylib
0x00007fff489e2000 	/System/Library/Frameworks/Accelerate.framework/Versions/A/Frameworks/vecLib.framework/Versions/A/libvDSP.dylib
0x00007fff4829e000 	/System/Library/Frameworks/Accelerate.framework/Versions/A/Frameworks/vecLib.framework/Versions/A/libBLAS.dylib
0x00007fff4858b000 	/System/Library/Frameworks/Accelerate.framework/Versions/A/Frameworks/vecLib.framework/Versions/A/libLAPACK.dylib
0x00007fff48935000 	/System/Library/Frameworks/Accelerate.framework/Versions/A/Frameworks/vecLib.framework/Versions/A/libLinearAlgebra.dylib
0x00007fff489ce000 	/System/Library/Frameworks/Accelerate.framework/Versions/A/Frameworks/vecLib.framework/Versions/A/libSparseBLAS.dylib
0x00007fff4894b000 	/System/Library/Frameworks/Accelerate.framework/Versions/A/Frameworks/vecLib.framework/Versions/A/libQuadrature.dylib
0x00007fff48518000 	/System/Library/Frameworks/Accelerate.framework/Versions/A/Frameworks/vecLib.framework/Versions/A/libBNNS.dylib
0x00007fff48951000 	/System/Library/Frameworks/Accelerate.framework/Versions/A/Frameworks/vecLib.framework/Versions/A/libSparse.dylib
0x00007fff66ce9000 	/System/Library/PrivateFrameworks/GPUWrangler.framework/Versions/A/GPUWrangler
0x00007fff68fad000 	/System/Library/PrivateFrameworks/IOAccelerator.framework/Versions/A/IOAccelerator
0x00007fff68fb8000 	/System/Library/PrivateFrameworks/IOPresentment.framework/Versions/A/IOPresentment
0x00007fff6077f000 	/System/Library/PrivateFrameworks/DSExternalDisplay.framework/Versions/A/DSExternalDisplay
0x00007fff54832000 	/System/Library/Frameworks/OpenGL.framework/Versions/A/Libraries/libCoreFSCache.dylib
0x00007fff503b2000 	/System/Library/Frameworks/MetalPerformanceShaders.framework/Frameworks/MPSCore.framework/Versions/A/MPSCore
0x00007fff503d2000 	/System/Library/Frameworks/MetalPerformanceShaders.framework/Frameworks/MPSImage.framework/Versions/A/MPSImage
0x00007fff50477000 	/System/Library/Frameworks/MetalPerformanceShaders.framework/Frameworks/MPSNeuralNetwork.framework/Versions/A/MPSNeuralNetwork
0x00007fff5044f000 	/System/Library/Frameworks/MetalPerformanceShaders.framework/Frameworks/MPSMatrix.framework/Versions/A/MPSMatrix
0x00007fff505a3000 	/System/Library/Frameworks/MetalPerformanceShaders.framework/Frameworks/MPSRayIntersector.framework/Versions/A/MPSRayIntersector
0x00007fff6a4a0000 	/System/Library/PrivateFrameworks/MetalTools.framework/Versions/A/MetalTools
0x00007fff5b2f4000 	/System/Library/PrivateFrameworks/AggregateDictionary.framework/Versions/A/AggregateDictionary
0x00007fff7488d000 	/usr/lib/libMobileGestalt.dylib
0x00007fff4d507000 	/System/Library/Frameworks/CoreVideo.framework/Versions/A/CoreVideo
0x00007fff67af3000 	/System/Library/PrivateFrameworks/GraphVisualizer.framework/Versions/A/GraphVisualizer
0x00007fff61979000 	/System/Library/PrivateFrameworks/FaceCore.framework/Versions/A/FaceCore
0x00007fff53e60000 	/System/Library/Frameworks/OpenCL.framework/Versions/A/OpenCL
0x00007fff745e5000 	/usr/lib/libFosl_dynamic.dylib
0x00007fff6b248000 	/System/Library/PrivateFrameworks/OTSVG.framework/Versions/A/OTSVG
0x00007fff49d2c000 	/System/Library/Frameworks/ApplicationServices.framework/Versions/A/Frameworks/ATS.framework/Versions/A/Resources/libFontParser.dylib
0x00007fff49e44000 	/System/Library/Frameworks/ApplicationServices.framework/Versions/A/Frameworks/ATS.framework/Versions/A/Resources/libFontRegistry.dylib
0x00007fff4e405000 	/System/Library/Frameworks/ImageIO.framework/Versions/A/Resources/libJPEG.dylib
0x00007fff4e717000 	/System/Library/Frameworks/ImageIO.framework/Versions/A/Resources/libTIFF.dylib
0x00007fff4e6ed000 	/System/Library/Frameworks/ImageIO.framework/Versions/A/Resources/libPng.dylib
0x00007fff4e323000 	/System/Library/Frameworks/ImageIO.framework/Versions/A/Resources/libGIF.dylib
0x00007fff4e328000 	/System/Library/Frameworks/ImageIO.framework/Versions/A/Resources/libJP2.dylib
0x00007fff4e714000 	/System/Library/Frameworks/ImageIO.framework/Versions/A/Resources/libRadiance.dylib
0x00007fff5bd48000 	/System/Library/PrivateFrameworks/AppleJPEG.framework/Versions/A/AppleJPEG
0x00007fff5483d000 	/System/Library/Frameworks/OpenGL.framework/Versions/A/Libraries/libGFXShared.dylib
0x00007fff54a00000 	/System/Library/Frameworks/OpenGL.framework/Versions/A/Libraries/libGLU.dylib
0x00007fff54846000 	/System/Library/Frameworks/OpenGL.framework/Versions/A/Libraries/libGL.dylib
0x00007fff54852000 	/System/Library/Frameworks/OpenGL.framework/Versions/A/Libraries/libGLImage.dylib
0x00007fff5482f000 	/System/Library/Frameworks/OpenGL.framework/Versions/A/Libraries/libCVMSPluginSupport.dylib
0x00007fff54838000 	/System/Library/Frameworks/OpenGL.framework/Versions/A/Libraries/libCoreVMClient.dylib
0x00007fff755c2000 	/usr/lib/libcups.2.dylib
0x00007fff4f8da000 	/System/Library/Frameworks/Kerberos.framework/Versions/A/Kerberos
0x00007fff4de0a000 	/System/Library/Frameworks/GSS.framework/Versions/A/GSS
0x00007fff76cd2000 	/usr/lib/libresolv.9.dylib
0x00007fff757b4000 	/usr/lib/libiconv.2.dylib
0x00007fff67c4f000 	/System/Library/PrivateFrameworks/Heimdal.framework/Versions/A/Heimdal
0x00007fff75784000 	/usr/lib/libheimdal-asn1.dylib
0x00007fff53ed4000 	/System/Library/Frameworks/OpenDirectory.framework/Versions/A/OpenDirectory
0x00007fff5e715000 	/System/Library/PrivateFrameworks/CommonAuth.framework/Versions/A/CommonAuth
0x00007fff53eb8000 	/System/Library/Frameworks/OpenDirectory.framework/Versions/A/Frameworks/CFOpenDirectory.framework/Versions/A/CFOpenDirectory
0x00007fff56f73000 	/System/Library/Frameworks/SecurityFoundation.framework/Versions/A/SecurityFoundation
0x00007fff5a84f000 	/System/Library/PrivateFrameworks/APFS.framework/Versions/A/APFS
0x00007fff7719a000 	/usr/lib/libutil.dylib
0x00007fff74c99000 	/usr/lib/libcharset.1.dylib
0x00007fff5bfe5000 	/System/Library/PrivateFrameworks/AppleSauce.framework/Versions/A/AppleSauce
0x00007fff5c166000 	/System/Library/PrivateFrameworks/AssertionServices.framework/Versions/A/AssertionServices
0x00007fff5ca43000 	/System/Library/PrivateFrameworks/BaseBoard.framework/Versions/A/BaseBoard
0x00007fff75b84000 	/usr/lib/libmecab.1.0.0.dylib
0x00007fff7577e000 	/usr/lib/libgermantok.dylib
0x00007fff74a69000 	/usr/lib/libThaiTokenizer.dylib
0x00007fff74515000 	/usr/lib/libChineseTokenizer.dylib
0x00007fff69664000 	/System/Library/PrivateFrameworks/LanguageModeling.framework/Versions/A/LanguageModeling
0x00007fff5f3f4000 	/System/Library/PrivateFrameworks/CoreEmoji.framework/Versions/A/CoreEmoji
0x00007fff69740000 	/System/Library/PrivateFrameworks/Lexicon.framework/Versions/A/Lexicon
0x00007fff69783000 	/System/Library/PrivateFrameworks/LinguisticData.framework/Versions/A/LinguisticData
0x00007fff74c9a000 	/usr/lib/libcmph.dylib
0x00007fff57031000 	/System/Library/Frameworks/ServiceManagement.framework/Versions/A/ServiceManagement
0x00007fff5c9a4000 	/System/Library/PrivateFrameworks/BackgroundTaskManagement.framework/Versions/A/BackgroundTaskManagement
0x00007fff77293000 	/usr/lib/libxslt.1.dylib
0x00007fff4ad97000 	/System/Library/Frameworks/Carbon.framework/Versions/A/Frameworks/Ink.framework/Versions/A/Ink
0x00007fff725aa000 	/System/Library/PrivateFrameworks/TextureIO.framework/Versions/A/TextureIO
0x00007fff74abd000 	/usr/lib/libate.dylib
0x00007fff606cf000 	/System/Library/PrivateFrameworks/CrashReporterSupport.framework/Versions/A/CrashReporterSupport
0x00007fff6fd5c000 	/System/Library/PrivateFrameworks/Sharing.framework/Versions/A/Sharing
0x00007fff5c545000 	/System/Library/PrivateFrameworks/AuthKit.framework/Versions/A/AuthKit
0x00007fff5b8ef000 	/System/Library/PrivateFrameworks/Apple80211.framework/Versions/A/Apple80211
0x00007fff6047b000 	/System/Library/PrivateFrameworks/CoreUtils.framework/Versions/A/CoreUtils
0x00007fff4d545000 	/System/Library/Frameworks/CoreWLAN.framework/Versions/A/CoreWLAN
0x00007fff4df39000 	/System/Library/Frameworks/IOBluetooth.framework/Versions/A/IOBluetooth
0x00007fff6e1ec000 	/System/Library/PrivateFrameworks/ProtocolBuffer.framework/Versions/A/ProtocolBuffer
0x00007fff6a6d5000 	/System/Library/PrivateFrameworks/MobileKeyBag.framework/Versions/A/MobileKeyBag
0x00007fff5fcc1000 	/System/Library/PrivateFrameworks/CorePhoneNumbers.framework/Versions/A/CorePhoneNumbers
0x00007fff5bcfc000 	/System/Library/PrivateFrameworks/AppleIDAuthSupport.framework/Versions/A/AppleIDAuthSupport
0x00007fff69637000 	/System/Library/PrivateFrameworks/KeychainCircle.framework/Versions/A/KeychainCircle
0x00007fff6e3a2000 	/System/Library/PrivateFrameworks/ROCKit.framework/Versions/A/ROCKit
0x00007fff6066b000 	/System/Library/PrivateFrameworks/CoreWiFi.framework/Versions/A/CoreWiFi
0x00007fff4b2e2000 	/System/Library/Frameworks/CoreBluetooth.framework/Versions/A/CoreBluetooth
0x00007fff608c5000 	/System/Library/PrivateFrameworks/DebugSymbols.framework/Versions/A/DebugSymbols
0x00007fff6023c000 	/System/Library/PrivateFrameworks/CoreSymbolication.framework/Versions/A/CoreSymbolication
0x00007fff71dc6000 	/System/Library/PrivateFrameworks/Symbolication.framework/Versions/A/Symbolication
0x00007fff71669000 	/System/Library/PrivateFrameworks/SpeechRecognitionCore.framework/Versions/A/SpeechRecognitionCore
0x00007fff40229000 	/System/Library/CoreServices/Encodings/libSimplifiedChineseConverter.dylib
0x000000010a400000 	/Library/Java/JavaVirtualMachines/jdk1.8.0_181.jdk/Contents/Home/jre/lib/server/libjvm.dylib
0x00007fff7706b000 	/usr/lib/libstdc++.6.dylib
0x0000000109253000 	/Library/Java/JavaVirtualMachines/jdk1.8.0_181.jdk/Contents/Home/jre/lib/libverify.dylib
0x0000000109261000 	/Library/Java/JavaVirtualMachines/jdk1.8.0_181.jdk/Contents/Home/jre/lib/libjava.dylib
0x0000000109298000 	/Library/Java/JavaVirtualMachines/jdk1.8.0_181.jdk/Contents/Home/jre/lib/libjdwp.dylib
0x00000001092e3000 	/Library/Java/JavaVirtualMachines/jdk1.8.0_181.jdk/Contents/Home/jre/lib/libnpt.dylib
0x0000000109301000 	/Library/Java/JavaVirtualMachines/jdk1.8.0_181.jdk/Contents/Home/jre/lib/libinstrument.dylib
0x000000010939e000 	/Library/Java/JavaVirtualMachines/jdk1.8.0_181.jdk/Contents/Home/jre/lib/libzip.dylib
0x00000001264fb000 	/Library/Java/JavaVirtualMachines/jdk1.8.0_181.jdk/Contents/Home/jre/lib/libdt_socket.dylib
0x0000000126a1e000 	/Library/Java/JavaVirtualMachines/jdk1.8.0_181.jdk/Contents/Home/jre/lib/libawt.dylib
0x0000000126ac8000 	/Library/Java/JavaVirtualMachines/jdk1.8.0_181.jdk/Contents/Home/jre/lib/./libmlib_image.dylib
0x00007fff4f8c3000 	/System/Library/Frameworks/JavaVM.framework/Versions/A/Frameworks/JavaNativeFoundation.framework/Versions/A/JavaNativeFoundation
0x00007fff4f8cc000 	/System/Library/Frameworks/JavaVM.framework/Versions/A/Frameworks/JavaRuntimeSupport.framework/Versions/A/JavaRuntimeSupport
0x00007fff4f8d5000 	/System/Library/Frameworks/JavaVM.framework/Versions/A/JavaVM
0x00007fff69556000 	/System/Library/PrivateFrameworks/JavaLaunching.framework/Versions/A/JavaLaunching
0x00007fff4aa91000 	/System/Library/Frameworks/Carbon.framework/Versions/A/Carbon
0x00007fff4aa92000 	/System/Library/Frameworks/Carbon.framework/Versions/A/Frameworks/CommonPanels.framework/Versions/A/CommonPanels
0x00007fff4ad8d000 	/System/Library/Frameworks/Carbon.framework/Versions/A/Frameworks/Help.framework/Versions/A/Help
0x00007fff4ad91000 	/System/Library/Frameworks/Carbon.framework/Versions/A/Frameworks/ImageCapture.framework/Versions/A/ImageCapture
0x00007fff4ae2d000 	/System/Library/Frameworks/Carbon.framework/Versions/A/Frameworks/OpenScripting.framework/Versions/A/OpenScripting
0x00007fff4ae65000 	/System/Library/Frameworks/Carbon.framework/Versions/A/Frameworks/Print.framework/Versions/A/Print
0x00007fff4ae67000 	/System/Library/Frameworks/Carbon.framework/Versions/A/Frameworks/SecurityHI.framework/Versions/A/SecurityHI
0x0000000126b94000 	/Library/Java/JavaVirtualMachines/jdk1.8.0_181.jdk/Contents/Home/jre/lib/libawt_lwawt.dylib
0x000000012677c000 	/Library/Java/JavaVirtualMachines/jdk1.8.0_181.jdk/Contents/Home/jre/lib/./libosxapp.dylib
0x00007fff4d9c7000 	/System/Library/Frameworks/ExceptionHandling.framework/Versions/A/ExceptionHandling
0x00007fff5fe45000 	/System/Library/PrivateFrameworks/CoreServicesInternal.framework/Versions/A/CoreServicesInternal
0x00007fff40264000 	/System/Library/CoreServices/RawCamera.bundle/Contents/MacOS/RawCamera
0x00007fff6a53f000 	/System/Library/PrivateFrameworks/MobileAsset.framework/Versions/A/MobileAsset
0x00007fff71d14000 	/System/Library/PrivateFrameworks/StreamingZip.framework/Versions/A/StreamingZip
0x00007fff4fc65000 	/System/Library/Frameworks/MediaToolbox.framework/Versions/A/MediaToolbox
0x00007fff5ef9b000 	/System/Library/PrivateFrameworks/CoreAVCHD.framework/Versions/A/CoreAVCHD
0x00007fff4fbac000 	/System/Library/Frameworks/MediaAccessibility.framework/Versions/A/MediaAccessibility
0x00007fff69fa5000 	/System/Library/PrivateFrameworks/Mangrove.framework/Versions/A/Mangrove
0x00007fff4c86d000 	/System/Library/Frameworks/CoreMedia.framework/Versions/A/CoreMedia
0x00007fff57690000 	/System/Library/Frameworks/VideoToolbox.framework/Versions/A/VideoToolbox
0x00007fff5ebb7000 	/System/Library/PrivateFrameworks/CoreAUC.framework/Versions/A/CoreAUC
0x00007fff76d3b000 	/usr/lib/libspindump.dylib
0x00007fff5c0cb000 	/System/Library/PrivateFrameworks/AppleVA.framework/Versions/A/AppleVA
0x00007fff47bed000 	/System/Library/Frameworks/Accelerate.framework/Versions/A/Frameworks/vImage.framework/Versions/A/Libraries/libCGInterfaces.dylib
0x00007fff61d9e000 	/System/Library/PrivateFrameworks/FamilyControls.framework/Versions/A/FamilyControls
0x00007fff5e708000 	/System/Library/PrivateFrameworks/CommerceKit.framework/Versions/A/Frameworks/CommerceCore.framework/Versions/A/CommerceCore
0x00007fff72099000 	/System/Library/PrivateFrameworks/SystemAdministration.framework/Versions/A/SystemAdministration
0x00007fff5b7f0000 	/System/Library/PrivateFrameworks/AppContainer.framework/Versions/A/AppContainer
0x00007fff5b80c000 	/System/Library/PrivateFrameworks/AppSandbox.framework/Versions/A/AppSandbox
0x00007fff6fbfd000 	/System/Library/PrivateFrameworks/SecCodeWrapper.framework/Versions/A/SecCodeWrapper
0x00007fff76cec000 	/usr/lib/libsandbox.1.dylib
0x00007fff7485c000 	/usr/lib/libMatch.1.dylib
0x00007fff60c4a000 	/System/Library/PrivateFrameworks/DiskManagement.framework/Versions/A/DiskManagement
0x00007fff4d74a000 	/System/Library/Frameworks/DirectoryService.framework/Versions/A/DirectoryService
0x00007fff60b7b000 	/System/Library/PrivateFrameworks/DiskImages.framework/Versions/A/DiskImages
0x00007fff6987c000 	/System/Library/PrivateFrameworks/LoginUIKit.framework/Versions/A/Frameworks/LoginUICore.framework/Versions/A/LoginUICore
0x00007fff74520000 	/usr/lib/libCoreStorage.dylib
0x00007fff755af000 	/usr/lib/libcsfde.dylib
0x00007fff76b6c000 	/usr/lib/libodfde.dylib
0x00007fff6a0bd000 	/System/Library/PrivateFrameworks/MediaKit.framework/Versions/A/MediaKit
0x00007fff4d756000 	/System/Library/Frameworks/DiscRecording.framework/Versions/A/DiscRecording
0x00007fff60dba000 	/System/Library/PrivateFrameworks/EFILogin.framework/Versions/A/EFILogin
0x00007fff6e197000 	/System/Library/PrivateFrameworks/ProtectedCloudStorage.framework/Versions/A/ProtectedCloudStorage
0x00007fff75641000 	/usr/lib/libcurl.4.dylib
0x00007fff75417000 	/usr/lib/libcrypto.42.dylib
0x00007fff7701d000 	/usr/lib/libssl.44.dylib
0x00007fff4f8f4000 	/System/Library/Frameworks/LDAP.framework/Versions/A/LDAP
0x00007fff72728000 	/System/Library/PrivateFrameworks/TrustEvaluationAgent.framework/Versions/A/TrustEvaluationAgent
0x00007fff76d28000 	/usr/lib/libsasl2.2.dylib
0x00007fff5f1f1000 	/System/Library/PrivateFrameworks/CoreDaemon.framework/Versions/B/CoreDaemon
0x00007fff5bfe0000 	/System/Library/PrivateFrameworks/AppleSRP.framework/Versions/A/AppleSRP
0x00007fff73561000 	/System/Library/PrivateFrameworks/ViewBridge.framework/Versions/A/ViewBridge
0x00007fff49ee0000 	/System/Library/Frameworks/ApplicationServices.framework/Versions/A/Frameworks/ATS.framework/Versions/A/Resources/libTrueTypeScaler.dylib
0x00007fff43f4b000 	/System/Library/Extensions/AppleIntelHD5000GraphicsMTLDriver.bundle/Contents/MacOS/AppleIntelHD5000GraphicsMTLDriver
0x00007fff65648000 	/System/Library/PrivateFrameworks/GPUCompiler.framework/Versions/3902/Libraries/libmetal_timestamp.dylib
0x0000000126999000 	/private/var/folders/t3/k_9gnrhj05gccb9gl_ssk_pw0000gp/T/jna-109330445/jna2791508367074209786.tmp
0x000000012b026000 	/usr/local/lib/libtesseract.dylib
0x000000012aaac000 	/usr/local/opt/leptonica/lib/liblept.5.dylib
0x00000001269af000 	/usr/local/opt/libpng/lib/libpng16.16.dylib
0x000000012acb8000 	/usr/local/opt/jpeg/lib/libjpeg.9.dylib
0x0000000128ac1000 	/usr/local/opt/giflib/lib/libgif.7.dylib
0x000000012acec000 	/usr/local/opt/libtiff/lib/libtiff.5.dylib
0x000000012aeae000 	/usr/local/opt/webp/lib/libwebp.7.dylib
0x000000012af10000 	/usr/local/opt/openjpeg/lib/libopenjp2.7.dylib

VM Arguments:
jvm_args: -agentlib:jdwp=transport=dt_socket,address=127.0.0.1:50844,suspend=y,server=n -javaagent:/Users/seven/Library/Caches/IntelliJIdea2019.1/captureAgent/debugger-agent.jar -Dfile.encoding=UTF-8 
java_command: TesseractExample
java_class_path (initial): /Library/Java/JavaVirtualMachines/jdk1.8.0_181.jdk/Contents/Home/jre/lib/charsets.jar:/Library/Java/JavaVirtualMachines/jdk1.8.0_181.jdk/Contents/Home/jre/lib/deploy.jar:/Library/Java/JavaVirtualMachines/jdk1.8.0_181.jdk/Contents/Home/jre/lib/ext/cldrdata.jar:/Library/Java/JavaVirtualMachines/jdk1.8.0_181.jdk/Contents/Home/jre/lib/ext/dnsns.jar:/Library/Java/JavaVirtualMachines/jdk1.8.0_181.jdk/Contents/Home/jre/lib/ext/jaccess.jar:/Library/Java/JavaVirtualMachines/jdk1.8.0_181.jdk/Contents/Home/jre/lib/ext/jfxrt.jar:/Library/Java/JavaVirtualMachines/jdk1.8.0_181.jdk/Contents/Home/jre/lib/ext/localedata.jar:/Library/Java/JavaVirtualMachines/jdk1.8.0_181.jdk/Contents/Home/jre/lib/ext/nashorn.jar:/Library/Java/JavaVirtualMachines/jdk1.8.0_181.jdk/Contents/Home/jre/lib/ext/sunec.jar:/Library/Java/JavaVirtualMachines/jdk1.8.0_181.jdk/Contents/Home/jre/lib/ext/sunjce_provider.jar:/Library/Java/JavaVirtualMachines/jdk1.8.0_181.jdk/Contents/Home/jre/lib/ext/sunpkcs11.jar:/Library/Java/JavaVirtualMachines/jdk1.8.0_181.jdk/Contents/Home/jre/lib/ext/zipfs.jar:/Library/Java/JavaVirtualMachines/jdk1.8.0_181.jdk/Contents/Home/jre/lib/javaws.jar:/Library/Java/JavaVirtualMachines/jdk1.8.0_181.jdk/Contents/Home/jre/lib/jce.jar:/Library/Java/JavaVirtualMachines/jdk1.8.0_181.jdk/Contents/Home/jre/lib/jfr.jar:/Library/Java/JavaVirtualMachines/jdk1.8.0_181.jdk/Contents/Home/jre/lib/jfxswt.jar:/Library/Java/JavaVirtualMachines/jdk1.8.0_181.jdk/Contents/Home/jre/lib/jsse.jar:/Library/Java/JavaVirtualMachines/jdk1.8.0_181.jdk/Contents/Home/jre/lib/management-agent.jar:/Library/Java/JavaVirtualMachines/jdk1.8.0_181.jdk/Contents/Home/jre/lib/plugin.jar:/Library/Java/JavaVirtualMachines/jdk1.8.0_181.jdk/Contents/Home/jre/lib/resources.jar:/Library/Java/JavaVirtualMachines/jdk1.8.0_181.jdk/Contents/Home/jre/lib/rt.jar:/Library/Java/JavaVirtualMachines/jdk1.8.0_181.jdk/Contents/Home/lib/ant-javafx.jar:/Library/Java/JavaVirtualMachines/jdk1.8.0_181.jdk/Contents/Home
Launcher Type: SUN_STANDARD

Environment Variables:
JAVA_HOME=/Library/Java/JavaVirtualMachines/jdk1.8.0_181.jdk/Contents/Home
PATH=GIT_HOME/bin:/Users/local/develop/apache-maven-3.5.4/bin:/usr/local/bin:/usr/bin:/bin:/usr/sbin:/sbin:/Users/seven/programs/gradle/gradle-4.10.2/bin
SHELL=/bin/bash

Signal Handlers:
SIGSEGV: [libjvm.dylib+0x5b6029], sa_mask[0]=11111111011111110111111111111111, sa_flags=SA_ONSTACK|SA_RESTART|SA_SIGINFO
SIGBUS: [libjvm.dylib+0x5b6029], sa_mask[0]=11111111011111110111111111111111, sa_flags=SA_RESTART|SA_SIGINFO
SIGFPE: [libjvm.dylib+0x48b934], sa_mask[0]=11111111011111110111111111111111, sa_flags=SA_RESTART|SA_SIGINFO
SIGPIPE: [libjvm.dylib+0x48b934], sa_mask[0]=11111111011111110111111111111111, sa_flags=SA_RESTART|SA_SIGINFO
SIGXFSZ: [libjvm.dylib+0x48b934], sa_mask[0]=11111111011111110111111111111111, sa_flags=SA_RESTART|SA_SIGINFO
SIGILL: [libjvm.dylib+0x48b934], sa_mask[0]=11111111011111110111111111111111, sa_flags=SA_RESTART|SA_SIGINFO
SIGUSR1: SIG_DFL, sa_mask[0]=00000000000000000000000000000000, sa_flags=none
SIGUSR2: [libjvm.dylib+0x48b452], sa_mask[0]=00100000000000000000000000000000, sa_flags=SA_RESTART|SA_SIGINFO
SIGHUP: [libjvm.dylib+0x489a1d], sa_mask[0]=11111111011111110111111111111111, sa_flags=SA_RESTART|SA_SIGINFO
SIGINT: [libjvm.dylib+0x489a1d], sa_mask[0]=11111111011111110111111111111111, sa_flags=SA_RESTART|SA_SIGINFO
SIGTERM: [libjvm.dylib+0x489a1d], sa_mask[0]=11111111011111110111111111111111, sa_flags=SA_RESTART|SA_SIGINFO
SIGQUIT: [libjvm.dylib+0x489a1d], sa_mask[0]=11111111011111110111111111111111, sa_flags=SA_RESTART|SA_SIGINFO


---------------  S Y S T E M  ---------------

OS:Bsduname:Darwin 18.5.0 Darwin Kernel Version 18.5.0: Mon Mar 11 20:40:32 PDT 2019; root:xnu-4903.251.3~3/RELEASE_X86_64 x86_64
rlimit: STACK 8192k, CORE 0k, NPROC 1418, NOFILE 10240, AS infinity
load average:3.44 3.53 3.64

CPU:total 8 (initial active 8) (4 cores per cpu, 2 threads per core) family 6 model 70 stepping 1, cmov, cx8, fxsr, mmx, sse, sse2, sse3, ssse3, sse4.1, sse4.2, popcnt, avx, avx2, aes, clmul, erms, lzcnt, ht, tsc, tscinvbit, bmi1, bmi2

Memory: 4k page, physical 16777216k(910364k free)

/proc/meminfo:


vm_info: Java HotSpot(TM) 64-Bit Server VM (25.181-b13) for bsd-amd64 JRE (1.8.0_181-b13), built on Jul  7 2018 01:02:31 by "java_re" with gcc 4.2.1 (Based on Apple Inc. build 5658) (LLVM build 2336.11.00)

time: Thu Apr 11 15:55:55 2019
elapsed time: 0 seconds (0d 0h 0m 0s)

